Running SLURM prolog script on ruby055.cluster.local
===============================================================================
Job started on Mon Jun 19 13:03:04 BST 2023
Job ID          : 3874791
Job name        : animate
WorkDir         : /mainfs/scratch/jmom1n15/WakeStab.jl
Command         : /mainfs/scratch/jmom1n15/WakeStab.jl/genSub
Partition       : amd
Num hosts       : 1
Num cores       : 64
Num of tasks    : 64
Hosts allocated : ruby055
Job Output Follows ...
===============================================================================
Starting calculation at Mon Jun 19 13:03:04 BST 2023
---------------------------------------------------------------
Traceback (most recent call last):
  File "src/animate.py", line 4, in <module>
    import seaborn as sns
ModuleNotFoundError: No module named 'seaborn'
Traceback (most recent call last):
  File "src/animate.py", line 4, in <module>
    import seaborn as sns
ModuleNotFoundError: No module named 'seaborn'
Traceback (most recent call last):
  File "src/animate.py", line 4, in <module>
    import seaborn as sns
ModuleNotFoundError: No module named 'seaborn'
Traceback (most recent call last):
  File "src/animate.py", line 4, in <module>
    import seaborn as sns
ModuleNotFoundError: No module named 'seaborn'
Traceback (most recent call last):
  File "src/animate.py", line 4, in <module>
    import seaborn as sns
ModuleNotFoundError: No module named 'seaborn'
Traceback (most recent call last):
  File "src/animate.py", line 4, in <module>
    import seaborn as sns
ModuleNotFoundError: No module named 'seaborn'
Traceback (most recent call last):
  File "src/animate.py", line 4, in <module>
    import seaborn as sns
ModuleNotFoundError: No module named 'seaborn'
Traceback (most recent call last):
  File "src/animate.py", line 4, in <module>
    import seaborn as sns
ModuleNotFoundError: No module named 'seaborn'
Traceback (most recent call last):
  File "src/animate.py", line 4, in <module>
    import seaborn as sns
ModuleNotFoundError: No module named 'seaborn'
Traceback (most recent call last):
  File "src/animate.py", line 4, in <module>
    import seaborn as sns
ModuleNotFoundError: No module named 'seaborn'
Traceback (most recent call last):
  File "src/animate.py", line 4, in <module>
    import seaborn as sns
ModuleNotFoundError: No module named 'seaborn'
Traceback (most recent call last):
  File "src/animate.py", line 4, in <module>
    import seaborn as sns
ModuleNotFoundError: No module named 'seaborn'
Traceback (most recent call last):
  File "src/animate.py", line 4, in <module>
    import seaborn as sns
ModuleNotFoundError: No module named 'seaborn'
Traceback (most recent call last):
  File "src/animate.py", line 4, in <module>
    import seaborn as sns
ModuleNotFoundError: No module named 'seaborn'
Traceback (most recent call last):
  File "src/animate.py", line 4, in <module>
    import seaborn as sns
ModuleNotFoundError: No module named 'seaborn'
Traceback (most recent call last):
  File "src/animate.py", line 4, in <module>
    import seaborn as sns
ModuleNotFoundError: No module named 'seaborn'
--------------------------------------------------------------------------
Primary job  terminated normally, but 1 process returned
a non-zero exit code. Per user-direction, the job has been aborted.
--------------------------------------------------------------------------
--------------------------------------------------------------------------
mpirun detected that one or more processes exited with non-zero status, thus causing
the job to be terminated. The first process to do so was:

  Process name: [[29938,1],5]
  Exit code:    1
--------------------------------------------------------------------------
==============================================================================
Running epilogue script on ruby055.

Submit time  : 2023-06-19T12:54:51
Start time   : 2023-06-19T13:03:03
End time     : 2023-06-19T13:03:16
Elapsed time : 00:00:13 (Timelimit=01:00:00)

Job ID: 3874791
Cluster: i5
User/Group: jmom1n15/mm
State: FAILED (exit code 1)
Nodes: 1
Cores per node: 64
CPU Utilized: 00:00:02
CPU Efficiency: 0.24% of 00:13:52 core-walltime
Job Wall-clock time: 00:00:13
Memory Utilized: 2.56 MB
Memory Efficiency: 0.00% of 225.00 GB

