Running SLURM prolog script on ruby049.cluster.local
===============================================================================
Job started on Thu Jun 15 07:44:14 BST 2023
Job ID          : 3857655
Job name        : obs
WorkDir         : /mainfs/scratch/jmom1n15/WakeStab.jl
Command         : /mainfs/scratch/jmom1n15/WakeStab.jl/observerSub
Partition       : amd
Num hosts       : 1
Num cores       : 64
Num of tasks    : 64
Hosts allocated : ruby049
Job Output Follows ...
===============================================================================
Starting calculation at Thu Jun 15 07:44:14 BST 2023
---------------------------------------------------------------
slurmstepd-gold56: error: *** JOB 3857306 ON gold56 CANCELLED AT 2023-06-15T07:50:58 ***
==============================================================================
Running epilogue script on gold56.

Submit time  : 2023-06-15T07:24:43
Start time   : 2023-06-15T07:24:58
End time     : 2023-06-15T07:50:58
Elapsed time : 00:26:00 (Timelimit=20:00:00)

Job ID: 3857306
Cluster: i5
User/Group: jmom1n15/mm
State: CANCELLED (exit code 0)
Nodes: 1
Cores per node: 16
CPU Utilized: 00:02:56
CPU Efficiency: 0.71% of 06:56:00 core-walltime
Job Wall-clock time: 00:26:00
Memory Utilized: 106.03 GB
Memory Efficiency: 28.71% of 369.38 GB

