Running SLURM prolog script on ruby053.cluster.local
===============================================================================
Job started on Sat Jun 24 15:32:04 BST 2023
Job ID          : 3899797
Job name        : RA
WorkDir         : /mainfs/scratch/jmom1n15/WakeStab.jl
Command         : /mainfs/scratch/jmom1n15/WakeStab.jl/statRAsub
Partition       : amd
Num hosts       : 16
Num cores       : 1024
Num of tasks    : 1024
Hosts allocated : ruby[053-068]
Job Output Follows ...
===============================================================================
Starting calculation at Sat Jun 24 15:32:04 BST 2023
---------------------------------------------------------------
/tmp/slurmd/job3899797/slurm_script: line 23: 15942 Killed                  python src/RA-stationary.py
==============================================================================
Running epilogue script on ruby053.

Submit time  : 2023-06-24T15:07:29
Start time   : 2023-06-24T15:32:04
End time     : 2023-06-24T15:35:01
Elapsed time : 00:02:57 (Timelimit=07:00:00)

Job ID: 3899797
Cluster: i5
User/Group: jmom1n15/mm
State: FAILED (exit code 137)
Nodes: 16
Cores per node: 64
CPU Utilized: 00:02:27
CPU Efficiency: 0.08% of 2-02:20:48 core-walltime
Job Wall-clock time: 00:02:57
Memory Utilized: 205.26 GB
Memory Efficiency: 5.70% of 3.52 TB

