Running SLURM prolog script on gold63.cluster.local
===============================================================================
Job started on Mon Aug  7 09:41:47 BST 2023
Job ID          : 4431283
Job name        : wake-RA
WorkDir         : /mainfs/scratch/jmom1n15/WakeStab.jl
Command         : /mainfs/scratch/jmom1n15/WakeStab.jl/genSub
Partition       : highmem
Num hosts       : 2
Num cores       : 128
Num of tasks    : 128
Hosts allocated : gold[63-64]
Job Output Follows ...
===============================================================================
Starting calculation at Mon Aug  7 09:41:47 BST 2023
---------------------------------------------------------------
==============================================================================
Running epilogue script on gold63.

Submit time  : 2023-08-07T09:34:23
Start time   : 2023-08-07T09:41:46
End time     : 2023-08-07T14:33:44
Elapsed time : 04:51:58 (Timelimit=20:00:00)

Job ID: 4431283
Cluster: i5
User/Group: jmom1n15/mm
State: FAILED (exit code 137)
Nodes: 2
Cores per node: 64
CPU Utilized: 6-17:35:07
CPU Efficiency: 25.94% of 25-22:51:44 core-walltime
Job Wall-clock time: 04:51:58
Memory Utilized: 1.43 TB
Memory Efficiency: 49.52% of 2.88 TB

