Running SLURM prolog script on gold64.cluster.local
===============================================================================
Job started on Thu Jun 22 19:57:55 BST 2023
Job ID          : 3890872
Job name        : SPOD
WorkDir         : /mainfs/scratch/jmom1n15/WakeStab.jl
Command         : /mainfs/scratch/jmom1n15/WakeStab.jl/swimSPODSub
Partition       : highmem
Num hosts       : 1
Num cores       : 64
Num of tasks    : 48
Hosts allocated : gold64
Job Output Follows ...
===============================================================================
Starting calculation at Thu Jun 22 19:57:55 BST 2023
---------------------------------------------------------------
--------------------------------------
SPOD starts...
--------------------------------------
Using user specified method...
Using default weight...
Using default nDFT...
Using default Hamming window...
Using default nOvlp...
--------------------------------------
SPOD parameters summary:
--------------------------------------
number of DFT points : 128
number of blocks is  : 24
number of overlap is : 64
Window function      : Hamming
Weight function      : unity
Running method       : fast
--------------------------------------
Calculating temporal DFT
--------------------------------------
block 1 / 24 ( 1 : 128 )
block 2 / 24 ( 65 : 192 )
block 3 / 24 ( 129 : 256 )
block 4 / 24 ( 193 : 320 )
block 5 / 24 ( 257 : 384 )
block 6 / 24 ( 321 : 448 )
block 7 / 24 ( 385 : 512 )
block 8 / 24 ( 449 : 576 )
block 9 / 24 ( 513 : 640 )
block 10 / 24 ( 577 : 704 )
block 11 / 24 ( 641 : 768 )
block 12 / 24 ( 705 : 832 )
block 13 / 24 ( 769 : 896 )
block 14 / 24 ( 833 : 960 )
block 15 / 24 ( 897 : 1024 )
block 16 / 24 ( 961 : 1088 )
block 17 / 24 ( 1025 : 1152 )
block 18 / 24 ( 1089 : 1216 )
block 19 / 24 ( 1153 : 1280 )
block 20 / 24 ( 1217 : 1344 )
block 21 / 24 ( 1281 : 1408 )
block 22 / 24 ( 1345 : 1472 )
block 23 / 24 ( 1409 : 1536 )
block 24 / 24 ( 1473 : 1600 )
--------------------------------------
Calculating SPOD
--------------------------------------
Frequency 1 / 65 (f = 0.000 )
Frequency 2 / 65 (f = 1.562 )
Frequency 3 / 65 (f = 3.125 )
Frequency 4 / 65 (f = 4.688 )
Frequency 5 / 65 (f = 6.250 )
Frequency 6 / 65 (f = 7.812 )
Frequency 7 / 65 (f = 9.375 )
Frequency 8 / 65 (f = 10.938 )
Frequency 9 / 65 (f = 12.500 )
Frequency 10 / 65 (f = 14.062 )
Frequency 11 / 65 (f = 15.625 )
Frequency 12 / 65 (f = 17.188 )
Frequency 13 / 65 (f = 18.750 )
Frequency 14 / 65 (f = 20.312 )
Frequency 15 / 65 (f = 21.875 )
Frequency 16 / 65 (f = 23.438 )
Frequency 17 / 65 (f = 25.000 )
Frequency 18 / 65 (f = 26.562 )
Frequency 19 / 65 (f = 28.125 )
Frequency 20 / 65 (f = 29.688 )
Frequency 21 / 65 (f = 31.250 )
Frequency 22 / 65 (f = 32.812 )
Frequency 23 / 65 (f = 34.375 )
Frequency 24 / 65 (f = 35.938 )
Frequency 25 / 65 (f = 37.500 )
Frequency 26 / 65 (f = 39.062 )
Frequency 27 / 65 (f = 40.625 )
Frequency 28 / 65 (f = 42.188 )
Frequency 29 / 65 (f = 43.750 )
Frequency 30 / 65 (f = 45.312 )
Frequency 31 / 65 (f = 46.875 )
Frequency 32 / 65 (f = 48.438 )
Frequency 33 / 65 (f = 50.000 )
Frequency 34 / 65 (f = 51.562 )
Frequency 35 / 65 (f = 53.125 )
Frequency 36 / 65 (f = 54.688 )
Frequency 37 / 65 (f = 56.250 )
Frequency 38 / 65 (f = 57.812 )
Frequency 39 / 65 (f = 59.375 )
Frequency 40 / 65 (f = 60.938 )
Frequency 41 / 65 (f = 62.500 )
Frequency 42 / 65 (f = 64.062 )
Frequency 43 / 65 (f = 65.625 )
Frequency 44 / 65 (f = 67.188 )
Frequency 45 / 65 (f = 68.750 )
Frequency 46 / 65 (f = 70.312 )
Frequency 47 / 65 (f = 71.875 )
Frequency 48 / 65 (f = 73.438 )
Frequency 49 / 65 (f = 75.000 )
Frequency 50 / 65 (f = 76.562 )
Frequency 51 / 65 (f = 78.125 )
Frequency 52 / 65 (f = 79.688 )
Frequency 53 / 65 (f = 81.250 )
Frequency 54 / 65 (f = 82.812 )
Frequency 55 / 65 (f = 84.375 )
Frequency 56 / 65 (f = 85.938 )
Frequency 57 / 65 (f = 87.500 )
Frequency 58 / 65 (f = 89.062 )
Frequency 59 / 65 (f = 90.625 )
Frequency 60 / 65 (f = 92.188 )
Frequency 61 / 65 (f = 93.750 )
Frequency 62 / 65 (f = 95.312 )
Frequency 63 / 65 (f = 96.875 )
Frequency 64 / 65 (f = 98.438 )
Frequency 65 / 65 (f = 100.000 )
--------------------------------------
Saving SPOD results...
SPOD results saved to HDF5 file
--------------------------------------
--------------------------------------
SPOD finished
Memory usage: 405.16 GB
Run time    : 13249.02 s
--------------------------------------
==============================================================================
Running epilogue script on gold64.

Submit time  : 2023-06-22T19:57:33
Start time   : 2023-06-22T19:57:54
End time     : 2023-06-23T00:05:06
Elapsed time : 04:07:12 (Timelimit=10:00:00)

Job ID: 3890872
Cluster: i5
User/Group: jmom1n15/mm
State: COMPLETED (exit code 0)
Nodes: 1
Cores per node: 64
CPU Utilized: 06:51:08
CPU Efficiency: 2.60% of 10-23:40:48 core-walltime
Job Wall-clock time: 04:07:12
Memory Utilized: 405.18 GB
Memory Efficiency: 27.44% of 1.44 TB

